
Showing logs for build [32mcb-kubecd-environment-pr-1491-4-6z9zq-1[0m stage [32mfrom-build-pack[0m and container [32mstep-credential-initializer-4j5h4[0m
{"level":"info","ts":1590061690.4661138,"logger":"fallback-logger","caller":"logging/config.go:69","msg":"Fetch GitHub commit ID from kodata failed: open /var/run/ko/refs/heads/0.8.0-ns-support: no such file or directory"}
{"level":"info","ts":1590061690.4672117,"logger":"fallback-logger","caller":"creds-init/main.go:40","msg":"Credentials initialized."}

Showing logs for build [32mcb-kubecd-environment-pr-1491-4-6z9zq-1[0m stage [32mfrom-build-pack[0m and container [32mstep-working-dir-initializer-zq6sk[0m
{"level":"info","ts":1590061691.5329454,"logger":"fallback-logger","caller":"logging/config.go:69","msg":"Fetch GitHub commit ID from kodata failed: open /var/run/ko/HEAD: no such file or directory"}
{"level":"info","ts":1590061691.5346498,"logger":"fallback-logger","caller":"bash/main.go:64","msg":"Successfully executed command \"sh -c mkdir -p /workspace/source\"; output "}

Showing logs for build [32mcb-kubecd-environment-pr-1491-4-6z9zq-1[0m stage [32mfrom-build-pack[0m and container [32mstep-place-tools[0m

Showing logs for build [32mcb-kubecd-environment-pr-1491-4-6z9zq-1[0m stage [32mfrom-build-pack[0m and container [32mstep-git-source-cb-kubecd-environment-pr-1491-4-6z9zq-p9ssd[0m
{"level":"info","ts":1590061717.657374,"logger":"fallback-logger","caller":"logging/config.go:69","msg":"Fetch GitHub commit ID from kodata failed: open /var/run/ko/refs/heads/0.8.0-ns-support: no such file or directory"}
{"level":"info","ts":1590061718.6732512,"logger":"fallback-logger","caller":"git/git.go:103","msg":"Successfully cloned https://github.com/cb-kubecd/environment-pr-1491-40-bdd-frontend-staging.git @ master in path /workspace/source"}

Showing logs for build [32mcb-kubecd-environment-pr-1491-4-6z9zq-1[0m stage [32mfrom-build-pack[0m and container [32mstep-git-merge[0m
Using SHAs from PULL_REFS=master:c0edbac8c92c2cf8edc41622a7d0c499f4a19d4d,1:7a596e661d5911caf26edf4341c922a1aacb9b78
DEBUG: LC_ALL=C JX_LOG_LEVEL=error git fetch origin --unshallow 7a596e661d5911caf26edf4341c922a1aacb9b78: c0edbac8c92c2cf8edc41622a7d0c499f4a19d4d:
DEBUG: ran git fetch --unshallow origin 7a596e661d5911caf26edf4341c922a1aacb9b78: c0edbac8c92c2cf8edc41622a7d0c499f4a19d4d: in 
DEBUG: LC_ALL=C JX_LOG_LEVEL=error git branch
DEBUG: LC_ALL=C JX_LOG_LEVEL=error git checkout master
DEBUG: ran git checkout master in 
DEBUG: LC_ALL=C JX_LOG_LEVEL=error git reset --hard c0edbac8c92c2cf8edc41622a7d0c499f4a19d4d
DEBUG: ran git reset --hard c0edbac8c92c2cf8edc41622a7d0c499f4a19d4d in 
DEBUG: LC_ALL=C JX_LOG_LEVEL=error git clean -fd .
DEBUG: ran clean --force -d . in 
DEBUG: JX_LOG_LEVEL=error LC_ALL=C git merge 7a596e661d5911caf26edf4341c922a1aacb9b78
DEBUG: ran git merge 7a596e661d5911caf26edf4341c922a1aacb9b78 in 
DEBUG: LC_ALL=C JX_LOG_LEVEL=error git log --format=%H%x1f%an%x1f%ae%x1f%cn%x1f%ce%x1f%s%n%b%x1e c0edbac8c92c2cf8edc41622a7d0c499f4a19d4d..HEAD
Merged SHA 7a596e661d5911caf26edf4341c922a1aacb9b78 with commit message 'chore: Promote bdd-nh-1590060557 to version 0.0.1' into base branch master

Showing logs for build [32mcb-kubecd-environment-pr-1491-4-6z9zq-1[0m stage [32mfrom-build-pack[0m and container [32mstep-build-helm-build[0m
WARNING: No $CHART_REPOSITORY defined so using the default value of: http://jenkins-x-chartmuseum:8080
Adding missing Helm repo: storage.googleapis.com https://storage.googleapis.com/chartmuseum.jenkins-x.io
WARNING: No secrets found on "helm/repos" due: reading the secret "helm/repos" from vault: no secret "helm/repos" not found in vault
Read credentials for https://storage.googleapis.com/chartmuseum.jenkins-x.io from vault helm/repos
Successfully added Helm repository storage.googleapis.com.
Adding missing Helm repo: jenkins-x-chartmuseum http://jenkins-x-chartmuseum:8080
WARNING: No secrets found on "helm/repos" due: reading the secret "helm/repos" from vault: no secret "helm/repos" not found in vault
Read credentials for http://jenkins-x-chartmuseum:8080 from vault helm/repos
Successfully added Helm repository jenkins-x-chartmuseum.
WARNING: No $CHART_REPOSITORY defined so using the default value of: http://jenkins-x-chartmuseum:8080
Adding missing Helm repo: chartmuseum.jenkins-x.io http://chartmuseum.jenkins-x.io
WARNING: No secrets found on "helm/repos" due: reading the secret "helm/repos" from vault: no secret "helm/repos" not found in vault
Read credentials for http://chartmuseum.jenkins-x.io from vault helm/repos
Successfully added Helm repository chartmuseum.jenkins-x.io.
